========================================================================================================================

AAEE  RRUSUTSATNAINUIM UMMI CMRIOCKRERONKEELR BNOEOLT IBNOG O(TxI8N6G_ 6(4 xE8m6u_l6a4t eEdm u/l asttedd h /a ls)t
d= =h=a=l=)=
===========================================================================================================
=[=B=O=O=T=]= 
I[nBiOtOiTa]l iIzniintg ipahlyisziicnagl  pphaygsei caalll poacgaet oarl.l.o.c
at[oBrO.O.T.]
 [RBeOgOiTs]te rRineggi sdteefraiunlgt  dperfoaceuslste sp r(oTceelesmseetsr y(,T eNlaevmiegtartyi,o nN,a vLiigfaetSiupopno,r Lti)f.e.S.u
p[pBOoOrTt]) .P.r.e
-[pBoOpOuTl]a tPirneg- VpFoSpu dliarteicntgo rVyF Ss tdriurcetcutroersy. .s.t
r[uBcOtOuTr]e sM.i.c.r
o[kBerOnOeTl]  iMniictrioakleirznaetli oinn ictoimapllietzea.t iYoine lcdoimnpgl teot es.c hYeideulldeirn.
g
 t[oT iscckh e d ul e1r] .S
w
e[eTpisc:k 1   |   E1C]C :S w0e e|p sQu:a r1a n|t iEnCeCd:: 1  0|  |Q uRaerlaonctaitneedd::  00
 | Relocated: 0
[Tick    2] Sweeps: 2 | ECC: 0 | Quarantined: 0 | Relocated: 0
[Tick    3] Sweeps: 3 | ECC: 0 | Quarantined: 0 | Relocated: 0
====================================================================================================================
=A=E =R=U
SATEA NRIUUSMT AMNIICURMO KMEIRCNREOL KBEORONTEILN GB O(OxT8I6N_G6 4( xE8m6u_l6a4t eEdm u/l asttedd  h/a ls)t
d= =h=a=l=)=
=========================================================================================================
=[=B=O=O=T=]= =I=n
i[tBiOaOlTi]z iInngi tpihaylsiizcianlg  ppahgyes iaclallo cpaatgoer .a.l.lo
c[aBtOoOrT.]. .R
e[gBiOsOtTe]r iRnegg idsetfearuilntg  pdreofcaeuslste sp r(oTceelsesmeest r(y,T eNlaevmiegtartyi,o nN,a vLiigfaetSiuopnp,o rLti)f.e.S.u
p[pBoOrOtT)]. .P.r
e[-BpOoOpTu]l aPtrei-ngp oVpFuSl adtiirnegc tVoFrSy  dsitrreuccttourrye ss.t.r.u
c[tBuOrOeTs]. .M.i
c[rBoOkOeTr]n eMli cirnoikteiranleilz aitniiotn icaolmipzalteitoen. c oYmipelledtien.g  Ytioe slcdhiendgu lteor .s
c
h[eTdiuclke r . 
 
1[]T iScwke e p s :1 ]1 S w|e eEpCsC::  10  ||  EQCuCa:r a1n t|i nQeuda:r a0n t|i nReedl:o c0a t|ed :R e0l
ocated: 0
[Tick    2] Sweeps: 2 | ECC: 0 | Quarantined: 0 | Relocated: 0
[Tick    3] Sweeps: 3 | ECC: 0 | Quarantined: 0 | Relocated: 0
======================================================================================================================
A=E= 
RUASET ARNUISUTMA NMIIUCMR OMKIECRRNOEKLE RBNOEOLT IBNOGO T(IxN8G6 _(6x48 6E_m6u4l aEtmeudl a/t esdt d/  hsatld )h
a=l=)=
===============================================================================================================
=[=B=O=O=T=]
 [InBiOtOiTa]l iIzniintgi aplhiyzsinigc aplh ypsaigcea all lpoacgaet oarl.l.o.c
at[oBrO.O.T.]
 [RBeOgOiTs]t eRreignigs tdeerfianugl td epfraouclets sperso c(eTsesleesm e(trTye,l eNmaevtirgya,t iNoanv,i gLatiifoenS,u pLpiofretS)u.p.p.o
r[tBO)O.T.]. 
P[rBeO-OpTo]p uPlraet-ipnogpu lVaFtSi ndgi rVeFcSt ordyi rsetcrtuoctruy rsetsr.u.c.t
u[BrOeOsT.]. .M
ic[rBoOkOeTr]n eMli cirnoikteiranleilz aitniiotni acloimzpalteitoen.  cYoimeplldeitneg.  tYoi eslcdhiendgu lteor .s
c
he[dTuilcekr .  
 
1][ TSiwceke ps :   11 ]|  SEwCeCe:p s0:  |1  |Q uaErCaCn:t i1n e|d :Q u0a r|a nRteilnoecda:t e0d :|  0R
elocated: 0
[Tick    2] Sweeps: 2 | ECC: 0 | Quarantined: 0 | Relocated: 0
[Tick    3] Sweeps: 3 | ECC: 0 | Quarantined: 0 | Relocated: 0
